<?xml version="1.0" encoding="UTF-8"?>
<testsuite xmlns:xsi="http://www.w3.org/2001/XMLSchema-instance" xsi:schemaLocation="https://maven.apache.org/surefire/maven-surefire-plugin/xsd/surefire-test-report.xsd" name="sg.flooringmastery.Service.FlooringServiceImplTest" time="0.001" tests="24" errors="0" skipped="0" failures="0">
  <properties>
    <property name="java.runtime.name" value="OpenJDK Runtime Environment"/>
    <property name="java.vm.version" value="11.0.4+11"/>
    <property name="sun.boot.library.path" value="C:\Program Files\AdoptOpenJDK\jdk-11.0.4.11-hotspot\bin"/>
    <property name="maven.multiModuleProjectDirectory" value="C:\Users\ddubs\Desktop\java-mlps-0819-David-Whitehouse\Mastery\FlooringMastery"/>
    <property name="java.vm.vendor" value="AdoptOpenJDK"/>
    <property name="java.vendor.url" value="https://adoptopenjdk.net/"/>
    <property name="guice.disable.misplaced.annotation.check" value="true"/>
    <property name="path.separator" value=";"/>
    <property name="java.vm.name" value="OpenJDK 64-Bit Server VM"/>
    <property name="sun.os.patch.level" value=""/>
    <property name="user.script" value=""/>
    <property name="user.country" value="US"/>
    <property name="sun.java.launcher" value="SUN_STANDARD"/>
    <property name="java.vm.specification.name" value="Java Virtual Machine Specification"/>
    <property name="user.dir" value="C:\Users\ddubs\Desktop\java-mlps-0819-David-Whitehouse\Mastery\FlooringMastery"/>
    <property name="java.vm.compressedOopsMode" value="Zero based"/>
    <property name="java.runtime.version" value="11.0.4+11"/>
    <property name="java.awt.graphicsenv" value="sun.awt.Win32GraphicsEnvironment"/>
    <property name="os.arch" value="amd64"/>
    <property name="java.io.tmpdir" value="C:\Users\ddubs\AppData\Local\Temp\"/>
    <property name="line.separator" value="&#10;"/>
    <property name="java.vm.specification.vendor" value="Oracle Corporation"/>
    <property name="user.variant" value=""/>
    <property name="os.name" value="Windows 10"/>
    <property name="maven.ext.class.path" value="C:\Program Files\NetBeans-11.1\netbeans\java\maven-nblib\netbeans-eventspy.jar"/>
    <property name="classworlds.conf" value="C:\Program Files\NetBeans-11.1\netbeans\java\maven\bin\m2.conf"/>
    <property name="sun.jnu.encoding" value="Cp1252"/>
    <property name="java.library.path" value="C:\Program Files\AdoptOpenJDK\jdk-11.0.4.11-hotspot\bin;C:\Windows\Sun\Java\bin;C:\Windows\system32;C:\Windows;C:\Program Files\AdoptOpenJDK\jdk-11.0.4.11-hotspot\bin;C:\Windows\system32;C:\Windows;C:\Windows\System32\Wbem;C:\Windows\System32\WindowsPowerShell\v1.0\;C:\Windows\System32\OpenSSH\;C:\Program Files (x86)\NVIDIA Corporation\PhysX\Common;C:\Program Files\NVIDIA Corporation\NVIDIA NGX;C:\Program Files\NVIDIA Corporation\NVIDIA NvDLISR;C:\Program Files\Git\cmd;C:\Program Files\MySQL\MySQL Shell 8.0\bin\;."/>
    <property name="jdk.debug" value="release"/>
    <property name="java.class.version" value="55.0"/>
    <property name="java.specification.name" value="Java Platform API Specification"/>
    <property name="sun.management.compiler" value="HotSpot 64-Bit Tiered Compilers"/>
    <property name="os.version" value="10.0"/>
    <property name="user.home" value="C:\Users\ddubs"/>
    <property name="user.timezone" value="America/Chicago"/>
    <property name="java.awt.printerjob" value="sun.awt.windows.WPrinterJob"/>
    <property name="file.encoding" value="UTF-8"/>
    <property name="java.specification.version" value="11"/>
    <property name="user.name" value="ddubs"/>
    <property name="java.class.path" value="C:\Program Files\NetBeans-11.1\netbeans\java\maven\boot\plexus-classworlds-2.5.2.jar"/>
    <property name="java.vm.specification.version" value="11"/>
    <property name="sun.arch.data.model" value="64"/>
    <property name="sun.java.command" value="org.codehaus.plexus.classworlds.launcher.Launcher -Dmaven.ext.class.path=C:\Program Files\NetBeans-11.1\netbeans\java\maven-nblib\netbeans-eventspy.jar -Dfile.encoding=UTF-8 clean install"/>
    <property name="java.home" value="C:\Program Files\AdoptOpenJDK\jdk-11.0.4.11-hotspot"/>
    <property name="user.language" value="en"/>
    <property name="java.specification.vendor" value="Oracle Corporation"/>
    <property name="awt.toolkit" value="sun.awt.windows.WToolkit"/>
    <property name="java.vm.info" value="mixed mode"/>
    <property name="java.version" value="11.0.4"/>
    <property name="java.vendor" value="AdoptOpenJDK"/>
    <property name="maven.home" value="C:\Program Files\NetBeans-11.1\netbeans\java\maven"/>
    <property name="file.separator" value="\"/>
    <property name="java.version.date" value="2019-07-16"/>
    <property name="java.vendor.url.bug" value="https://github.com/AdoptOpenJDK/openjdk-build/issues"/>
    <property name="sun.io.unicode.encoding" value="UnicodeLittle"/>
    <property name="sun.cpu.endian" value="little"/>
    <property name="java.vendor.version" value="AdoptOpenJDK"/>
    <property name="sun.desktop" value="windows"/>
    <property name="sun.cpu.isalist" value="amd64"/>
  </properties>
  <testcase name="testEditOrderBadDao" classname="sg.flooringmastery.Service.FlooringServiceImplTest" time="0"/>
  <testcase name="testGetOrderByBadId" classname="sg.flooringmastery.Service.FlooringServiceImplTest" time="0"/>
  <testcase name="testEditOrderAllBlank" classname="sg.flooringmastery.Service.FlooringServiceImplTest" time="0"/>
  <testcase name="testAddOrderBadState" classname="sg.flooringmastery.Service.FlooringServiceImplTest" time="0"/>
  <testcase name="testAddOrderInThePast" classname="sg.flooringmastery.Service.FlooringServiceImplTest" time="0"/>
  <testcase name="testEditOrderBadState" classname="sg.flooringmastery.Service.FlooringServiceImplTest" time="0"/>
  <testcase name="testEditOrderBadDate" classname="sg.flooringmastery.Service.FlooringServiceImplTest" time="0"/>
  <testcase name="testAddOrderGoldenPath" classname="sg.flooringmastery.Service.FlooringServiceImplTest" time="0"/>
  <testcase name="testGetOrdersByDateWithNoOrders" classname="sg.flooringmastery.Service.FlooringServiceImplTest" time="0"/>
  <testcase name="testEditOrderGoldenPath" classname="sg.flooringmastery.Service.FlooringServiceImplTest" time="0"/>
  <testcase name="testAddOrderInvalidProductType" classname="sg.flooringmastery.Service.FlooringServiceImplTest" time="0"/>
  <testcase name="testRemoveOrderGoldenPath" classname="sg.flooringmastery.Service.FlooringServiceImplTest" time="0"/>
  <testcase name="testEditOrderBadProductType" classname="sg.flooringmastery.Service.FlooringServiceImplTest" time="0"/>
  <testcase name="testAddOrderBadDao" classname="sg.flooringmastery.Service.FlooringServiceImplTest" time="0"/>
  <testcase name="testGetOrderByIdGoldenPath" classname="sg.flooringmastery.Service.FlooringServiceImplTest" time="0"/>
  <testcase name="testRemoveOrderBadId" classname="sg.flooringmastery.Service.FlooringServiceImplTest" time="0"/>
  <testcase name="testRemoveOrderBadDao" classname="sg.flooringmastery.Service.FlooringServiceImplTest" time="0"/>
  <testcase name="testAddOrderBlankProductType" classname="sg.flooringmastery.Service.FlooringServiceImplTest" time="0"/>
  <testcase name="testGetOrderByDateWithNoOrders" classname="sg.flooringmastery.Service.FlooringServiceImplTest" time="0"/>
  <testcase name="testRemoveOrderDateWithNoOrders" classname="sg.flooringmastery.Service.FlooringServiceImplTest" time="0"/>
  <testcase name="testGetOrderByIdBadDao" classname="sg.flooringmastery.Service.FlooringServiceImplTest" time="0"/>
  <testcase name="testGetOrdersByDateBadDao" classname="sg.flooringmastery.Service.FlooringServiceImplTest" time="0"/>
  <testcase name="testGetOrdersByDate" classname="sg.flooringmastery.Service.FlooringServiceImplTest" time="0"/>
  <testcase name="testAddOrderNegativeArea" classname="sg.flooringmastery.Service.FlooringServiceImplTest" time="0"/>
</testsuite>